INFO: 02-14 15:31:11: evaluate.py:165 * 140392158099200 Start evaluating zhuxiangua...
INFO: 02-14 15:31:11: evaluate.py:70 * 140392158099200 Init MySQL connection
INFO: 02-14 15:31:11: evaluate.py:84 * 140392158099200 Pulling data from MySQL...
INFO: 02-14 15:31:12: evaluate.py:84 * 140392158099200 Pulling data from MySQL...
INFO: 02-14 15:31:13: evaluate.py:188 * 140392158099200 {'cnt_pos_true': 0, 'recall': 0.0, 'cnt_pos': 1134, 'prec': 0.0, 'cnt_true': 2}
INFO: 02-14 15:31:13: evaluate.py:194 * 140392158099200 Upload evaluation results...
INFO: 02-14 15:31:47: evaluate.py:165 * 140126223136512 Start evaluating zhuxiangua...
INFO: 02-14 15:31:48: evaluate.py:70 * 140126223136512 Init MySQL connection
INFO: 02-14 15:31:48: evaluate.py:84 * 140126223136512 Pulling data from MySQL...
INFO: 02-14 15:31:48: evaluate.py:84 * 140126223136512 Pulling data from MySQL...
INFO: 02-14 15:31:48: evaluate.py:188 * 140126223136512 {'prec': 0.0, 'recall': 0.0, 'cnt_pos_true': 0, 'cnt_pos': 5098, 'cnt_true': 2}
INFO: 02-14 15:31:48: evaluate.py:194 * 140126223136512 Upload evaluation results...
INFO: 02-14 15:33:09: evaluate.py:165 * 140674310665984 Start evaluating zhuxiangua...
INFO: 02-14 15:33:09: evaluate.py:70 * 140674310665984 Init MySQL connection
INFO: 02-14 15:33:09: evaluate.py:84 * 140674310665984 Pulling data from MySQL...
INFO: 02-14 15:33:10: evaluate.py:84 * 140674310665984 Pulling data from MySQL...
INFO: 02-14 15:33:10: evaluate.py:188 * 140674310665984 {'cnt_pos': 11732, 'cnt_true': 51802, 'prec': 0.368308898738493, 'recall': 0.08341376780819273, 'cnt_pos_true': 4321}
INFO: 02-14 15:33:10: evaluate.py:194 * 140674310665984 Upload evaluation results...
INFO: 02-14 15:33:26: evaluate.py:165 * 139708585457408 Start evaluating zhuxiangua...
INFO: 02-14 15:33:26: evaluate.py:70 * 139708585457408 Init MySQL connection
INFO: 02-14 15:33:26: evaluate.py:84 * 139708585457408 Pulling data from MySQL...
INFO: 02-14 15:33:27: evaluate.py:84 * 139708585457408 Pulling data from MySQL...
INFO: 02-14 15:33:27: evaluate.py:188 * 139708585457408 {'recall': 0.04345392069804255, 'cnt_true': 51802, 'cnt_pos': 4341, 'cnt_pos_true': 2251, 'prec': 0.5185441142593873}
INFO: 02-14 15:33:27: evaluate.py:194 * 139708585457408 Upload evaluation results...
INFO: 02-14 15:35:09: evaluate.py:165 * 140636731279104 Start evaluating zhuxiangua...
INFO: 02-14 15:35:09: evaluate.py:70 * 140636731279104 Init MySQL connection
INFO: 02-14 15:35:09: evaluate.py:84 * 140636731279104 Pulling data from MySQL...
INFO: 02-14 15:35:10: evaluate.py:84 * 140636731279104 Pulling data from MySQL...
INFO: 02-14 15:35:10: evaluate.py:188 * 140636731279104 {'cnt_pos': 6588, 'cnt_true': 847, 'prec': 0.0010625379477838493, 'cnt_pos_true': 7, 'recall': 0.008264462809917356}
INFO: 02-14 15:35:10: evaluate.py:194 * 140636731279104 Upload evaluation results...
